WARNING 2025-10-29 06:42:26,243 log 6110 138319392405184 Not Found: /favicon.ico
WARNING 2025-10-29 06:42:26,244 basehttp 6110 138319392405184 "GET /favicon.ico HTTP/1.1" 404 3601
WARNING 2025-10-29 14:05:13,912 log 8248 135535371744960 Not Found: /favicon.ico
WARNING 2025-10-29 14:05:13,913 basehttp 8248 135535371744960 "GET /favicon.ico HTTP/1.1" 404 3601
WARNING 2025-10-29 14:43:04,220 log 10404 130885563180736 Not Found: /favicon.ico
WARNING 2025-10-29 14:43:04,220 basehttp 10404 130885563180736 "GET /favicon.ico HTTP/1.1" 404 3601
WARNING 2025-10-29 14:43:38,668 log 10471 135262529115840 Not Found: /favicon.ico
WARNING 2025-10-29 14:43:38,668 basehttp 10471 135262529115840 "GET /favicon.ico HTTP/1.1" 404 3601
WARNING 2025-10-29 14:46:38,483 log 10471 135262529115840 Not Found: /reagent/detail/bb8dda7e-e37e-4b8f-92eb-39baf4e5f1a8/
WARNING 2025-10-29 14:46:38,484 basehttp 10471 135262529115840 "GET /reagent/detail/bb8dda7e-e37e-4b8f-92eb-39baf4e5f1a8/ HTTP/1.1" 404 7065
WARNING 2025-10-29 14:46:43,515 log 10471 135262529115840 Not Found: /reagent/detail/8e78b5b1-dd0c-483e-bcbc-3811e1ef9233/
WARNING 2025-10-29 14:46:43,517 basehttp 10471 135262529115840 "GET /reagent/detail/8e78b5b1-dd0c-483e-bcbc-3811e1ef9233/ HTTP/1.1" 404 7065
WARNING 2025-10-30 18:53:13,750 log 6586 127714766862016 Not Found: /favicon.ico
WARNING 2025-10-30 18:53:13,751 basehttp 6586 127714766862016 "GET /favicon.ico HTTP/1.1" 404 3601
ERROR 2025-10-30 19:10:23,059 log 8277 134354553534144 Internal Server Error: /user/detail/ba551f61-2ecd-4370-8f62-9451f3fdf10f/
Traceback (most recent call last):
  File "/home/eduard/DevelopProjects/lims/venv_luka/lib/python3.11/site-packages/django/template/smartif.py", line 180, in translate_token
    op = OPERATORS[token]
         ~~~~~~~~~^^^^^^^
KeyError: 'logged-in-user'

During handling of the above exception, another exception occurred:

Traceback (most recent call last):
  File "/home/eduard/DevelopProjects/lims/venv_luka/lib/python3.11/site-packages/django/core/handlers/exception.py", line 55, in inner
    response = get_response(request)
               ^^^^^^^^^^^^^^^^^^^^^
  File "/home/eduard/DevelopProjects/lims/venv_luka/lib/python3.11/site-packages/django/core/handlers/base.py", line 220, in _get_response
    response = response.render()
               ^^^^^^^^^^^^^^^^^
  File "/home/eduard/DevelopProjects/lims/venv_luka/lib/python3.11/site-packages/django/template/response.py", line 114, in render
    self.content = self.rendered_content
                   ^^^^^^^^^^^^^^^^^^^^^
  File "/home/eduard/DevelopProjects/lims/venv_luka/lib/python3.11/site-packages/django/template/response.py", line 90, in rendered_content
    template = self.resolve_template(self.template_name)
               ^^^^^^^^^^^^^^^^^^^^^^^^^^^^^^^^^^^^^^^^^
  File "/home/eduard/DevelopProjects/lims/venv_luka/lib/python3.11/site-packages/django/template/response.py", line 72, in resolve_template
    return select_template(template, using=self.using)
           ^^^^^^^^^^^^^^^^^^^^^^^^^^^^^^^^^^^^^^^^^^^
  File "/home/eduard/DevelopProjects/lims/venv_luka/lib/python3.11/site-packages/django/template/loader.py", line 42, in select_template
    return engine.get_template(template_name)
           ^^^^^^^^^^^^^^^^^^^^^^^^^^^^^^^^^^
  File "/home/eduard/DevelopProjects/lims/venv_luka/lib/python3.11/site-packages/django/template/backends/django.py", line 79, in get_template
    return Template(self.engine.get_template(template_name), self)
                    ^^^^^^^^^^^^^^^^^^^^^^^^^^^^^^^^^^^^^^^
  File "/home/eduard/DevelopProjects/lims/venv_luka/lib/python3.11/site-packages/django/template/engine.py", line 177, in get_template
    template, origin = self.find_template(template_name)
                       ^^^^^^^^^^^^^^^^^^^^^^^^^^^^^^^^^
  File "/home/eduard/DevelopProjects/lims/venv_luka/lib/python3.11/site-packages/django/template/engine.py", line 159, in find_template
    template = loader.get_template(name, skip=skip)
               ^^^^^^^^^^^^^^^^^^^^^^^^^^^^^^^^^^^^
  File "/home/eduard/DevelopProjects/lims/venv_luka/lib/python3.11/site-packages/django/template/loaders/cached.py", line 57, in get_template
    template = super().get_template(template_name, skip)
               ^^^^^^^^^^^^^^^^^^^^^^^^^^^^^^^^^^^^^^^^^
  File "/home/eduard/DevelopProjects/lims/venv_luka/lib/python3.11/site-packages/django/template/loaders/base.py", line 28, in get_template
    return Template(
           ^^^^^^^^^
  File "/home/eduard/DevelopProjects/lims/venv_luka/lib/python3.11/site-packages/django/template/base.py", line 154, in __init__
    self.nodelist = self.compile_nodelist()
                    ^^^^^^^^^^^^^^^^^^^^^^^
  File "/home/eduard/DevelopProjects/lims/venv_luka/lib/python3.11/site-packages/django/template/base.py", line 196, in compile_nodelist
    nodelist = parser.parse()
               ^^^^^^^^^^^^^^
  File "/home/eduard/DevelopProjects/lims/venv_luka/lib/python3.11/site-packages/django/template/base.py", line 518, in parse
    raise self.error(token, e)
  File "/home/eduard/DevelopProjects/lims/venv_luka/lib/python3.11/site-packages/django/template/base.py", line 516, in parse
    compiled_result = compile_func(self, token)
                      ^^^^^^^^^^^^^^^^^^^^^^^^^
  File "/home/eduard/DevelopProjects/lims/venv_luka/lib/python3.11/site-packages/django/template/loader_tags.py", line 299, in do_extends
    nodelist = parser.parse()
               ^^^^^^^^^^^^^^
  File "/home/eduard/DevelopProjects/lims/venv_luka/lib/python3.11/site-packages/django/template/base.py", line 518, in parse
    raise self.error(token, e)
  File "/home/eduard/DevelopProjects/lims/venv_luka/lib/python3.11/site-packages/django/template/base.py", line 516, in parse
    compiled_result = compile_func(self, token)
                      ^^^^^^^^^^^^^^^^^^^^^^^^^
  File "/home/eduard/DevelopProjects/lims/venv_luka/lib/python3.11/site-packages/django/template/loader_tags.py", line 234, in do_block
    nodelist = parser.parse(("endblock",))
               ^^^^^^^^^^^^^^^^^^^^^^^^^^^
  File "/home/eduard/DevelopProjects/lims/venv_luka/lib/python3.11/site-packages/django/template/base.py", line 518, in parse
    raise self.error(token, e)
  File "/home/eduard/DevelopProjects/lims/venv_luka/lib/python3.11/site-packages/django/template/base.py", line 516, in parse
    compiled_result = compile_func(self, token)
                      ^^^^^^^^^^^^^^^^^^^^^^^^^
  File "/home/eduard/DevelopProjects/lims/venv_luka/lib/python3.11/site-packages/django/template/defaulttags.py", line 862, in do_for
    nodelist_loop = parser.parse(
                    ^^^^^^^^^^^^^
  File "/home/eduard/DevelopProjects/lims/venv_luka/lib/python3.11/site-packages/django/template/base.py", line 518, in parse
    raise self.error(token, e)
  File "/home/eduard/DevelopProjects/lims/venv_luka/lib/python3.11/site-packages/django/template/base.py", line 516, in parse
    compiled_result = compile_func(self, token)
                      ^^^^^^^^^^^^^^^^^^^^^^^^^
  File "/home/eduard/DevelopProjects/lims/venv_luka/lib/python3.11/site-packages/django/template/defaulttags.py", line 961, in do_if
    condition = TemplateIfParser(parser, bits).parse()
                ^^^^^^^^^^^^^^^^^^^^^^^^^^^^^^
  File "/home/eduard/DevelopProjects/lims/venv_luka/lib/python3.11/site-packages/django/template/defaulttags.py", line 894, in __init__
    super().__init__(*args, **kwargs)
  File "/home/eduard/DevelopProjects/lims/venv_luka/lib/python3.11/site-packages/django/template/smartif.py", line 171, in __init__
    mapped_tokens.append(self.translate_token(token))
                         ^^^^^^^^^^^^^^^^^^^^^^^^^^^
  File "/home/eduard/DevelopProjects/lims/venv_luka/lib/python3.11/site-packages/django/template/smartif.py", line 182, in translate_token
    return self.create_var(token)
           ^^^^^^^^^^^^^^^^^^^^^^
  File "/home/eduard/DevelopProjects/lims/venv_luka/lib/python3.11/site-packages/django/template/defaulttags.py", line 897, in create_var
    return TemplateLiteral(self.template_parser.compile_filter(value), value)
                           ^^^^^^^^^^^^^^^^^^^^^^^^^^^^^^^^^^^^^^^^^^
  File "/home/eduard/DevelopProjects/lims/venv_luka/lib/python3.11/site-packages/django/template/base.py", line 609, in compile_filter
    return FilterExpression(token, self)
           ^^^^^^^^^^^^^^^^^^^^^^^^^^^^^
  File "/home/eduard/DevelopProjects/lims/venv_luka/lib/python3.11/site-packages/django/template/base.py", line 710, in __init__
    raise TemplateSyntaxError(
django.template.exceptions.TemplateSyntaxError: Could not parse the remainder: '-in-user' from 'logged-in-user'
ERROR 2025-10-30 19:10:23,062 basehttp 8277 134354553534144 "GET /user/detail/ba551f61-2ecd-4370-8f62-9451f3fdf10f/ HTTP/1.1" 500 285059
ERROR 2025-10-30 19:11:08,578 log 8365 139567713744576 Internal Server Error: /user/detail/ba551f61-2ecd-4370-8f62-9451f3fdf10f/
Traceback (most recent call last):
  File "/home/eduard/DevelopProjects/lims/venv_luka/lib/python3.11/site-packages/django/template/smartif.py", line 180, in translate_token
    op = OPERATORS[token]
         ~~~~~~~~~^^^^^^^
KeyError: 'logged-user'

During handling of the above exception, another exception occurred:

Traceback (most recent call last):
  File "/home/eduard/DevelopProjects/lims/venv_luka/lib/python3.11/site-packages/django/core/handlers/exception.py", line 55, in inner
    response = get_response(request)
               ^^^^^^^^^^^^^^^^^^^^^
  File "/home/eduard/DevelopProjects/lims/venv_luka/lib/python3.11/site-packages/django/core/handlers/base.py", line 220, in _get_response
    response = response.render()
               ^^^^^^^^^^^^^^^^^
  File "/home/eduard/DevelopProjects/lims/venv_luka/lib/python3.11/site-packages/django/template/response.py", line 114, in render
    self.content = self.rendered_content
                   ^^^^^^^^^^^^^^^^^^^^^
  File "/home/eduard/DevelopProjects/lims/venv_luka/lib/python3.11/site-packages/django/template/response.py", line 90, in rendered_content
    template = self.resolve_template(self.template_name)
               ^^^^^^^^^^^^^^^^^^^^^^^^^^^^^^^^^^^^^^^^^
  File "/home/eduard/DevelopProjects/lims/venv_luka/lib/python3.11/site-packages/django/template/response.py", line 72, in resolve_template
    return select_template(template, using=self.using)
           ^^^^^^^^^^^^^^^^^^^^^^^^^^^^^^^^^^^^^^^^^^^
  File "/home/eduard/DevelopProjects/lims/venv_luka/lib/python3.11/site-packages/django/template/loader.py", line 42, in select_template
    return engine.get_template(template_name)
           ^^^^^^^^^^^^^^^^^^^^^^^^^^^^^^^^^^
  File "/home/eduard/DevelopProjects/lims/venv_luka/lib/python3.11/site-packages/django/template/backends/django.py", line 79, in get_template
    return Template(self.engine.get_template(template_name), self)
                    ^^^^^^^^^^^^^^^^^^^^^^^^^^^^^^^^^^^^^^^
  File "/home/eduard/DevelopProjects/lims/venv_luka/lib/python3.11/site-packages/django/template/engine.py", line 177, in get_template
    template, origin = self.find_template(template_name)
                       ^^^^^^^^^^^^^^^^^^^^^^^^^^^^^^^^^
  File "/home/eduard/DevelopProjects/lims/venv_luka/lib/python3.11/site-packages/django/template/engine.py", line 159, in find_template
    template = loader.get_template(name, skip=skip)
               ^^^^^^^^^^^^^^^^^^^^^^^^^^^^^^^^^^^^
  File "/home/eduard/DevelopProjects/lims/venv_luka/lib/python3.11/site-packages/django/template/loaders/cached.py", line 57, in get_template
    template = super().get_template(template_name, skip)
               ^^^^^^^^^^^^^^^^^^^^^^^^^^^^^^^^^^^^^^^^^
  File "/home/eduard/DevelopProjects/lims/venv_luka/lib/python3.11/site-packages/django/template/loaders/base.py", line 28, in get_template
    return Template(
           ^^^^^^^^^
  File "/home/eduard/DevelopProjects/lims/venv_luka/lib/python3.11/site-packages/django/template/base.py", line 154, in __init__
    self.nodelist = self.compile_nodelist()
                    ^^^^^^^^^^^^^^^^^^^^^^^
  File "/home/eduard/DevelopProjects/lims/venv_luka/lib/python3.11/site-packages/django/template/base.py", line 196, in compile_nodelist
    nodelist = parser.parse()
               ^^^^^^^^^^^^^^
  File "/home/eduard/DevelopProjects/lims/venv_luka/lib/python3.11/site-packages/django/template/base.py", line 518, in parse
    raise self.error(token, e)
  File "/home/eduard/DevelopProjects/lims/venv_luka/lib/python3.11/site-packages/django/template/base.py", line 516, in parse
    compiled_result = compile_func(self, token)
                      ^^^^^^^^^^^^^^^^^^^^^^^^^
  File "/home/eduard/DevelopProjects/lims/venv_luka/lib/python3.11/site-packages/django/template/loader_tags.py", line 299, in do_extends
    nodelist = parser.parse()
               ^^^^^^^^^^^^^^
  File "/home/eduard/DevelopProjects/lims/venv_luka/lib/python3.11/site-packages/django/template/base.py", line 518, in parse
    raise self.error(token, e)
  File "/home/eduard/DevelopProjects/lims/venv_luka/lib/python3.11/site-packages/django/template/base.py", line 516, in parse
    compiled_result = compile_func(self, token)
                      ^^^^^^^^^^^^^^^^^^^^^^^^^
  File "/home/eduard/DevelopProjects/lims/venv_luka/lib/python3.11/site-packages/django/template/loader_tags.py", line 234, in do_block
    nodelist = parser.parse(("endblock",))
               ^^^^^^^^^^^^^^^^^^^^^^^^^^^
  File "/home/eduard/DevelopProjects/lims/venv_luka/lib/python3.11/site-packages/django/template/base.py", line 518, in parse
    raise self.error(token, e)
  File "/home/eduard/DevelopProjects/lims/venv_luka/lib/python3.11/site-packages/django/template/base.py", line 516, in parse
    compiled_result = compile_func(self, token)
                      ^^^^^^^^^^^^^^^^^^^^^^^^^
  File "/home/eduard/DevelopProjects/lims/venv_luka/lib/python3.11/site-packages/django/template/defaulttags.py", line 862, in do_for
    nodelist_loop = parser.parse(
                    ^^^^^^^^^^^^^
  File "/home/eduard/DevelopProjects/lims/venv_luka/lib/python3.11/site-packages/django/template/base.py", line 518, in parse
    raise self.error(token, e)
  File "/home/eduard/DevelopProjects/lims/venv_luka/lib/python3.11/site-packages/django/template/base.py", line 516, in parse
    compiled_result = compile_func(self, token)
                      ^^^^^^^^^^^^^^^^^^^^^^^^^
  File "/home/eduard/DevelopProjects/lims/venv_luka/lib/python3.11/site-packages/django/template/defaulttags.py", line 961, in do_if
    condition = TemplateIfParser(parser, bits).parse()
                ^^^^^^^^^^^^^^^^^^^^^^^^^^^^^^
  File "/home/eduard/DevelopProjects/lims/venv_luka/lib/python3.11/site-packages/django/template/defaulttags.py", line 894, in __init__
    super().__init__(*args, **kwargs)
  File "/home/eduard/DevelopProjects/lims/venv_luka/lib/python3.11/site-packages/django/template/smartif.py", line 171, in __init__
    mapped_tokens.append(self.translate_token(token))
                         ^^^^^^^^^^^^^^^^^^^^^^^^^^^
  File "/home/eduard/DevelopProjects/lims/venv_luka/lib/python3.11/site-packages/django/template/smartif.py", line 182, in translate_token
    return self.create_var(token)
           ^^^^^^^^^^^^^^^^^^^^^^
  File "/home/eduard/DevelopProjects/lims/venv_luka/lib/python3.11/site-packages/django/template/defaulttags.py", line 897, in create_var
    return TemplateLiteral(self.template_parser.compile_filter(value), value)
                           ^^^^^^^^^^^^^^^^^^^^^^^^^^^^^^^^^^^^^^^^^^
  File "/home/eduard/DevelopProjects/lims/venv_luka/lib/python3.11/site-packages/django/template/base.py", line 609, in compile_filter
    return FilterExpression(token, self)
           ^^^^^^^^^^^^^^^^^^^^^^^^^^^^^
  File "/home/eduard/DevelopProjects/lims/venv_luka/lib/python3.11/site-packages/django/template/base.py", line 710, in __init__
    raise TemplateSyntaxError(
django.template.exceptions.TemplateSyntaxError: Could not parse the remainder: '-user' from 'logged-user'
ERROR 2025-10-30 19:11:08,583 basehttp 8365 139567713744576 "GET /user/detail/ba551f61-2ecd-4370-8f62-9451f3fdf10f/ HTTP/1.1" 500 284981
ERROR 2025-10-30 19:11:12,640 log 8365 139567713744576 Internal Server Error: /user/detail/ba551f61-2ecd-4370-8f62-9451f3fdf10f/
Traceback (most recent call last):
  File "/home/eduard/DevelopProjects/lims/venv_luka/lib/python3.11/site-packages/django/template/smartif.py", line 180, in translate_token
    op = OPERATORS[token]
         ~~~~~~~~~^^^^^^^
KeyError: 'logged-user'

During handling of the above exception, another exception occurred:

Traceback (most recent call last):
  File "/home/eduard/DevelopProjects/lims/venv_luka/lib/python3.11/site-packages/django/core/handlers/exception.py", line 55, in inner
    response = get_response(request)
               ^^^^^^^^^^^^^^^^^^^^^
  File "/home/eduard/DevelopProjects/lims/venv_luka/lib/python3.11/site-packages/django/core/handlers/base.py", line 220, in _get_response
    response = response.render()
               ^^^^^^^^^^^^^^^^^
  File "/home/eduard/DevelopProjects/lims/venv_luka/lib/python3.11/site-packages/django/template/response.py", line 114, in render
    self.content = self.rendered_content
                   ^^^^^^^^^^^^^^^^^^^^^
  File "/home/eduard/DevelopProjects/lims/venv_luka/lib/python3.11/site-packages/django/template/response.py", line 90, in rendered_content
    template = self.resolve_template(self.template_name)
               ^^^^^^^^^^^^^^^^^^^^^^^^^^^^^^^^^^^^^^^^^
  File "/home/eduard/DevelopProjects/lims/venv_luka/lib/python3.11/site-packages/django/template/response.py", line 72, in resolve_template
    return select_template(template, using=self.using)
           ^^^^^^^^^^^^^^^^^^^^^^^^^^^^^^^^^^^^^^^^^^^
  File "/home/eduard/DevelopProjects/lims/venv_luka/lib/python3.11/site-packages/django/template/loader.py", line 42, in select_template
    return engine.get_template(template_name)
           ^^^^^^^^^^^^^^^^^^^^^^^^^^^^^^^^^^
  File "/home/eduard/DevelopProjects/lims/venv_luka/lib/python3.11/site-packages/django/template/backends/django.py", line 79, in get_template
    return Template(self.engine.get_template(template_name), self)
                    ^^^^^^^^^^^^^^^^^^^^^^^^^^^^^^^^^^^^^^^
  File "/home/eduard/DevelopProjects/lims/venv_luka/lib/python3.11/site-packages/django/template/engine.py", line 177, in get_template
    template, origin = self.find_template(template_name)
                       ^^^^^^^^^^^^^^^^^^^^^^^^^^^^^^^^^
  File "/home/eduard/DevelopProjects/lims/venv_luka/lib/python3.11/site-packages/django/template/engine.py", line 159, in find_template
    template = loader.get_template(name, skip=skip)
               ^^^^^^^^^^^^^^^^^^^^^^^^^^^^^^^^^^^^
  File "/home/eduard/DevelopProjects/lims/venv_luka/lib/python3.11/site-packages/django/template/loaders/cached.py", line 57, in get_template
    template = super().get_template(template_name, skip)
               ^^^^^^^^^^^^^^^^^^^^^^^^^^^^^^^^^^^^^^^^^
  File "/home/eduard/DevelopProjects/lims/venv_luka/lib/python3.11/site-packages/django/template/loaders/base.py", line 28, in get_template
    return Template(
           ^^^^^^^^^
  File "/home/eduard/DevelopProjects/lims/venv_luka/lib/python3.11/site-packages/django/template/base.py", line 154, in __init__
    self.nodelist = self.compile_nodelist()
                    ^^^^^^^^^^^^^^^^^^^^^^^
  File "/home/eduard/DevelopProjects/lims/venv_luka/lib/python3.11/site-packages/django/template/base.py", line 196, in compile_nodelist
    nodelist = parser.parse()
               ^^^^^^^^^^^^^^
  File "/home/eduard/DevelopProjects/lims/venv_luka/lib/python3.11/site-packages/django/template/base.py", line 518, in parse
    raise self.error(token, e)
  File "/home/eduard/DevelopProjects/lims/venv_luka/lib/python3.11/site-packages/django/template/base.py", line 516, in parse
    compiled_result = compile_func(self, token)
                      ^^^^^^^^^^^^^^^^^^^^^^^^^
  File "/home/eduard/DevelopProjects/lims/venv_luka/lib/python3.11/site-packages/django/template/loader_tags.py", line 299, in do_extends
    nodelist = parser.parse()
               ^^^^^^^^^^^^^^
  File "/home/eduard/DevelopProjects/lims/venv_luka/lib/python3.11/site-packages/django/template/base.py", line 518, in parse
    raise self.error(token, e)
  File "/home/eduard/DevelopProjects/lims/venv_luka/lib/python3.11/site-packages/django/template/base.py", line 516, in parse
    compiled_result = compile_func(self, token)
                      ^^^^^^^^^^^^^^^^^^^^^^^^^
  File "/home/eduard/DevelopProjects/lims/venv_luka/lib/python3.11/site-packages/django/template/loader_tags.py", line 234, in do_block
    nodelist = parser.parse(("endblock",))
               ^^^^^^^^^^^^^^^^^^^^^^^^^^^
  File "/home/eduard/DevelopProjects/lims/venv_luka/lib/python3.11/site-packages/django/template/base.py", line 518, in parse
    raise self.error(token, e)
  File "/home/eduard/DevelopProjects/lims/venv_luka/lib/python3.11/site-packages/django/template/base.py", line 516, in parse
    compiled_result = compile_func(self, token)
                      ^^^^^^^^^^^^^^^^^^^^^^^^^
  File "/home/eduard/DevelopProjects/lims/venv_luka/lib/python3.11/site-packages/django/template/defaulttags.py", line 862, in do_for
    nodelist_loop = parser.parse(
                    ^^^^^^^^^^^^^
  File "/home/eduard/DevelopProjects/lims/venv_luka/lib/python3.11/site-packages/django/template/base.py", line 518, in parse
    raise self.error(token, e)
  File "/home/eduard/DevelopProjects/lims/venv_luka/lib/python3.11/site-packages/django/template/base.py", line 516, in parse
    compiled_result = compile_func(self, token)
                      ^^^^^^^^^^^^^^^^^^^^^^^^^
  File "/home/eduard/DevelopProjects/lims/venv_luka/lib/python3.11/site-packages/django/template/defaulttags.py", line 961, in do_if
    condition = TemplateIfParser(parser, bits).parse()
                ^^^^^^^^^^^^^^^^^^^^^^^^^^^^^^
  File "/home/eduard/DevelopProjects/lims/venv_luka/lib/python3.11/site-packages/django/template/defaulttags.py", line 894, in __init__
    super().__init__(*args, **kwargs)
  File "/home/eduard/DevelopProjects/lims/venv_luka/lib/python3.11/site-packages/django/template/smartif.py", line 171, in __init__
    mapped_tokens.append(self.translate_token(token))
                         ^^^^^^^^^^^^^^^^^^^^^^^^^^^
  File "/home/eduard/DevelopProjects/lims/venv_luka/lib/python3.11/site-packages/django/template/smartif.py", line 182, in translate_token
    return self.create_var(token)
           ^^^^^^^^^^^^^^^^^^^^^^
  File "/home/eduard/DevelopProjects/lims/venv_luka/lib/python3.11/site-packages/django/template/defaulttags.py", line 897, in create_var
    return TemplateLiteral(self.template_parser.compile_filter(value), value)
                           ^^^^^^^^^^^^^^^^^^^^^^^^^^^^^^^^^^^^^^^^^^
  File "/home/eduard/DevelopProjects/lims/venv_luka/lib/python3.11/site-packages/django/template/base.py", line 609, in compile_filter
    return FilterExpression(token, self)
           ^^^^^^^^^^^^^^^^^^^^^^^^^^^^^
  File "/home/eduard/DevelopProjects/lims/venv_luka/lib/python3.11/site-packages/django/template/base.py", line 710, in __init__
    raise TemplateSyntaxError(
django.template.exceptions.TemplateSyntaxError: Could not parse the remainder: '-user' from 'logged-user'
ERROR 2025-10-30 19:11:12,644 basehttp 8365 139567713744576 "GET /user/detail/ba551f61-2ecd-4370-8f62-9451f3fdf10f/ HTTP/1.1" 500 284981
ERROR 2025-10-30 19:53:46,004 log 10083 133987175495360 Internal Server Error: /company/detail/e1d4be7a-df94-4bc8-8b42-262b4dbd7619/
Traceback (most recent call last):
  File "/home/eduard/DevelopProjects/lims/venv_luka/lib/python3.11/site-packages/django/db/backends/utils.py", line 105, in _execute
    return self.cursor.execute(sql, params)
           ^^^^^^^^^^^^^^^^^^^^^^^^^^^^^^^^
psycopg2.errors.UndefinedColumn: column Company.training_alert does not exist
LINE 1: ...any"."company_city", "Company"."company_country", "Company"....
                                                             ^


The above exception was the direct cause of the following exception:

Traceback (most recent call last):
  File "/home/eduard/DevelopProjects/lims/venv_luka/lib/python3.11/site-packages/django/core/handlers/exception.py", line 55, in inner
    response = get_response(request)
               ^^^^^^^^^^^^^^^^^^^^^
  File "/home/eduard/DevelopProjects/lims/venv_luka/lib/python3.11/site-packages/django/core/handlers/base.py", line 197, in _get_response
    response = wrapped_callback(request, *callback_args, **callback_kwargs)
               ^^^^^^^^^^^^^^^^^^^^^^^^^^^^^^^^^^^^^^^^^^^^^^^^^^^^^^^^^^^^
  File "/home/eduard/DevelopProjects/lims/venv_luka/lib/python3.11/site-packages/django/views/generic/base.py", line 105, in view
    return self.dispatch(request, *args, **kwargs)
           ^^^^^^^^^^^^^^^^^^^^^^^^^^^^^^^^^^^^^^^
  File "/home/eduard/DevelopProjects/lims/luka/core/company/views/company/views.py", line 108, in dispatch
    return super().dispatch(request, *args, **kwargs)
           ^^^^^^^^^^^^^^^^^^^^^^^^^^^^^^^^^^^^^^^^^^
  File "/home/eduard/DevelopProjects/lims/venv_luka/lib/python3.11/site-packages/django/contrib/auth/mixins.py", line 73, in dispatch
    return super().dispatch(request, *args, **kwargs)
           ^^^^^^^^^^^^^^^^^^^^^^^^^^^^^^^^^^^^^^^^^^
  File "/home/eduard/DevelopProjects/lims/luka/core/mixins.py", line 23, in dispatch
    return super().dispatch(request, *args, **kwargs)
           ^^^^^^^^^^^^^^^^^^^^^^^^^^^^^^^^^^^^^^^^^^
  File "/home/eduard/DevelopProjects/lims/venv_luka/lib/python3.11/site-packages/django/views/generic/base.py", line 144, in dispatch
    return handler(request, *args, **kwargs)
           ^^^^^^^^^^^^^^^^^^^^^^^^^^^^^^^^^
  File "/home/eduard/DevelopProjects/lims/venv_luka/lib/python3.11/site-packages/django/views/generic/detail.py", line 112, in get
    self.object = self.get_object()
                  ^^^^^^^^^^^^^^^^^
  File "/home/eduard/DevelopProjects/lims/venv_luka/lib/python3.11/site-packages/django/views/generic/detail.py", line 53, in get_object
    obj = queryset.get()
          ^^^^^^^^^^^^^^
  File "/home/eduard/DevelopProjects/lims/venv_luka/lib/python3.11/site-packages/django/db/models/query.py", line 629, in get
    num = len(clone)
          ^^^^^^^^^^
  File "/home/eduard/DevelopProjects/lims/venv_luka/lib/python3.11/site-packages/django/db/models/query.py", line 366, in __len__
    self._fetch_all()
  File "/home/eduard/DevelopProjects/lims/venv_luka/lib/python3.11/site-packages/django/db/models/query.py", line 1949, in _fetch_all
    self._result_cache = list(self._iterable_class(self))
                         ^^^^^^^^^^^^^^^^^^^^^^^^^^^^^^^^
  File "/home/eduard/DevelopProjects/lims/venv_luka/lib/python3.11/site-packages/django/db/models/query.py", line 91, in __iter__
    results = compiler.execute_sql(
              ^^^^^^^^^^^^^^^^^^^^^
  File "/home/eduard/DevelopProjects/lims/venv_luka/lib/python3.11/site-packages/django/db/models/sql/compiler.py", line 1623, in execute_sql
    cursor.execute(sql, params)
  File "/home/eduard/DevelopProjects/lims/venv_luka/lib/python3.11/site-packages/django/db/backends/utils.py", line 122, in execute
    return super().execute(sql, params)
           ^^^^^^^^^^^^^^^^^^^^^^^^^^^^
  File "/home/eduard/DevelopProjects/lims/venv_luka/lib/python3.11/site-packages/django/db/backends/utils.py", line 79, in execute
    return self._execute_with_wrappers(
           ^^^^^^^^^^^^^^^^^^^^^^^^^^^^
  File "/home/eduard/DevelopProjects/lims/venv_luka/lib/python3.11/site-packages/django/db/backends/utils.py", line 92, in _execute_with_wrappers
    return executor(sql, params, many, context)
           ^^^^^^^^^^^^^^^^^^^^^^^^^^^^^^^^^^^^
  File "/home/eduard/DevelopProjects/lims/venv_luka/lib/python3.11/site-packages/django/db/backends/utils.py", line 100, in _execute
    with self.db.wrap_database_errors:
  File "/home/eduard/DevelopProjects/lims/venv_luka/lib/python3.11/site-packages/django/db/utils.py", line 91, in __exit__
    raise dj_exc_value.with_traceback(traceback) from exc_value
  File "/home/eduard/DevelopProjects/lims/venv_luka/lib/python3.11/site-packages/django/db/backends/utils.py", line 105, in _execute
    return self.cursor.execute(sql, params)
           ^^^^^^^^^^^^^^^^^^^^^^^^^^^^^^^^
django.db.utils.ProgrammingError: column Company.training_alert does not exist
LINE 1: ...any"."company_city", "Company"."company_country", "Company"....
                                                             ^

ERROR 2025-10-30 19:53:46,008 basehttp 10083 133987175495360 "GET /company/detail/e1d4be7a-df94-4bc8-8b42-262b4dbd7619/ HTTP/1.1" 500 165724
ERROR 2025-10-30 20:33:35,849 log 13128 128157846861504 Internal Server Error: /user/detail/ba551f61-2ecd-4370-8f62-9451f3fdf10f/
Traceback (most recent call last):
  File "/home/eduard/DevelopProjects/lims/venv_luka/lib/python3.11/site-packages/django/template/smartif.py", line 180, in translate_token
    op = OPERATORS[token]
         ~~~~~~~~~^^^^^^^
KeyError: '|'

During handling of the above exception, another exception occurred:

Traceback (most recent call last):
  File "/home/eduard/DevelopProjects/lims/venv_luka/lib/python3.11/site-packages/django/core/handlers/exception.py", line 55, in inner
    response = get_response(request)
               ^^^^^^^^^^^^^^^^^^^^^
  File "/home/eduard/DevelopProjects/lims/venv_luka/lib/python3.11/site-packages/django/core/handlers/base.py", line 220, in _get_response
    response = response.render()
               ^^^^^^^^^^^^^^^^^
  File "/home/eduard/DevelopProjects/lims/venv_luka/lib/python3.11/site-packages/django/template/response.py", line 114, in render
    self.content = self.rendered_content
                   ^^^^^^^^^^^^^^^^^^^^^
  File "/home/eduard/DevelopProjects/lims/venv_luka/lib/python3.11/site-packages/django/template/response.py", line 90, in rendered_content
    template = self.resolve_template(self.template_name)
               ^^^^^^^^^^^^^^^^^^^^^^^^^^^^^^^^^^^^^^^^^
  File "/home/eduard/DevelopProjects/lims/venv_luka/lib/python3.11/site-packages/django/template/response.py", line 72, in resolve_template
    return select_template(template, using=self.using)
           ^^^^^^^^^^^^^^^^^^^^^^^^^^^^^^^^^^^^^^^^^^^
  File "/home/eduard/DevelopProjects/lims/venv_luka/lib/python3.11/site-packages/django/template/loader.py", line 42, in select_template
    return engine.get_template(template_name)
           ^^^^^^^^^^^^^^^^^^^^^^^^^^^^^^^^^^
  File "/home/eduard/DevelopProjects/lims/venv_luka/lib/python3.11/site-packages/django/template/backends/django.py", line 79, in get_template
    return Template(self.engine.get_template(template_name), self)
                    ^^^^^^^^^^^^^^^^^^^^^^^^^^^^^^^^^^^^^^^
  File "/home/eduard/DevelopProjects/lims/venv_luka/lib/python3.11/site-packages/django/template/engine.py", line 177, in get_template
    template, origin = self.find_template(template_name)
                       ^^^^^^^^^^^^^^^^^^^^^^^^^^^^^^^^^
  File "/home/eduard/DevelopProjects/lims/venv_luka/lib/python3.11/site-packages/django/template/engine.py", line 159, in find_template
    template = loader.get_template(name, skip=skip)
               ^^^^^^^^^^^^^^^^^^^^^^^^^^^^^^^^^^^^
  File "/home/eduard/DevelopProjects/lims/venv_luka/lib/python3.11/site-packages/django/template/loaders/cached.py", line 57, in get_template
    template = super().get_template(template_name, skip)
               ^^^^^^^^^^^^^^^^^^^^^^^^^^^^^^^^^^^^^^^^^
  File "/home/eduard/DevelopProjects/lims/venv_luka/lib/python3.11/site-packages/django/template/loaders/base.py", line 28, in get_template
    return Template(
           ^^^^^^^^^
  File "/home/eduard/DevelopProjects/lims/venv_luka/lib/python3.11/site-packages/django/template/base.py", line 154, in __init__
    self.nodelist = self.compile_nodelist()
                    ^^^^^^^^^^^^^^^^^^^^^^^
  File "/home/eduard/DevelopProjects/lims/venv_luka/lib/python3.11/site-packages/django/template/base.py", line 196, in compile_nodelist
    nodelist = parser.parse()
               ^^^^^^^^^^^^^^
  File "/home/eduard/DevelopProjects/lims/venv_luka/lib/python3.11/site-packages/django/template/base.py", line 518, in parse
    raise self.error(token, e)
  File "/home/eduard/DevelopProjects/lims/venv_luka/lib/python3.11/site-packages/django/template/base.py", line 516, in parse
    compiled_result = compile_func(self, token)
                      ^^^^^^^^^^^^^^^^^^^^^^^^^
  File "/home/eduard/DevelopProjects/lims/venv_luka/lib/python3.11/site-packages/django/template/loader_tags.py", line 299, in do_extends
    nodelist = parser.parse()
               ^^^^^^^^^^^^^^
  File "/home/eduard/DevelopProjects/lims/venv_luka/lib/python3.11/site-packages/django/template/base.py", line 518, in parse
    raise self.error(token, e)
  File "/home/eduard/DevelopProjects/lims/venv_luka/lib/python3.11/site-packages/django/template/base.py", line 516, in parse
    compiled_result = compile_func(self, token)
                      ^^^^^^^^^^^^^^^^^^^^^^^^^
  File "/home/eduard/DevelopProjects/lims/venv_luka/lib/python3.11/site-packages/django/template/loader_tags.py", line 234, in do_block
    nodelist = parser.parse(("endblock",))
               ^^^^^^^^^^^^^^^^^^^^^^^^^^^
  File "/home/eduard/DevelopProjects/lims/venv_luka/lib/python3.11/site-packages/django/template/base.py", line 518, in parse
    raise self.error(token, e)
  File "/home/eduard/DevelopProjects/lims/venv_luka/lib/python3.11/site-packages/django/template/base.py", line 516, in parse
    compiled_result = compile_func(self, token)
                      ^^^^^^^^^^^^^^^^^^^^^^^^^
  File "/home/eduard/DevelopProjects/lims/venv_luka/lib/python3.11/site-packages/django/template/defaulttags.py", line 862, in do_for
    nodelist_loop = parser.parse(
                    ^^^^^^^^^^^^^
  File "/home/eduard/DevelopProjects/lims/venv_luka/lib/python3.11/site-packages/django/template/base.py", line 518, in parse
    raise self.error(token, e)
  File "/home/eduard/DevelopProjects/lims/venv_luka/lib/python3.11/site-packages/django/template/base.py", line 516, in parse
    compiled_result = compile_func(self, token)
                      ^^^^^^^^^^^^^^^^^^^^^^^^^
  File "/home/eduard/DevelopProjects/lims/venv_luka/lib/python3.11/site-packages/django/template/defaulttags.py", line 969, in do_if
    condition = TemplateIfParser(parser, bits).parse()
                ^^^^^^^^^^^^^^^^^^^^^^^^^^^^^^
  File "/home/eduard/DevelopProjects/lims/venv_luka/lib/python3.11/site-packages/django/template/defaulttags.py", line 894, in __init__
    super().__init__(*args, **kwargs)
  File "/home/eduard/DevelopProjects/lims/venv_luka/lib/python3.11/site-packages/django/template/smartif.py", line 171, in __init__
    mapped_tokens.append(self.translate_token(token))
                         ^^^^^^^^^^^^^^^^^^^^^^^^^^^
  File "/home/eduard/DevelopProjects/lims/venv_luka/lib/python3.11/site-packages/django/template/smartif.py", line 182, in translate_token
    return self.create_var(token)
           ^^^^^^^^^^^^^^^^^^^^^^
  File "/home/eduard/DevelopProjects/lims/venv_luka/lib/python3.11/site-packages/django/template/defaulttags.py", line 897, in create_var
    return TemplateLiteral(self.template_parser.compile_filter(value), value)
                           ^^^^^^^^^^^^^^^^^^^^^^^^^^^^^^^^^^^^^^^^^^
  File "/home/eduard/DevelopProjects/lims/venv_luka/lib/python3.11/site-packages/django/template/base.py", line 609, in compile_filter
    return FilterExpression(token, self)
           ^^^^^^^^^^^^^^^^^^^^^^^^^^^^^
  File "/home/eduard/DevelopProjects/lims/venv_luka/lib/python3.11/site-packages/django/template/base.py", line 710, in __init__
    raise TemplateSyntaxError(
django.template.exceptions.TemplateSyntaxError: Could not parse the remainder: '|' from '|'
ERROR 2025-10-30 20:33:35,854 basehttp 13128 128157846861504 "GET /user/detail/ba551f61-2ecd-4370-8f62-9451f3fdf10f/ HTTP/1.1" 500 296152
ERROR 2025-10-30 20:46:51,040 log 13421 140592284694208 Internal Server Error: /user/detail/ba551f61-2ecd-4370-8f62-9451f3fdf10f/
Traceback (most recent call last):
  File "/home/eduard/DevelopProjects/lims/venv_luka/lib/python3.11/site-packages/django/core/handlers/exception.py", line 55, in inner
    response = get_response(request)
               ^^^^^^^^^^^^^^^^^^^^^
  File "/home/eduard/DevelopProjects/lims/venv_luka/lib/python3.11/site-packages/django/core/handlers/base.py", line 220, in _get_response
    response = response.render()
               ^^^^^^^^^^^^^^^^^
  File "/home/eduard/DevelopProjects/lims/venv_luka/lib/python3.11/site-packages/django/template/response.py", line 114, in render
    self.content = self.rendered_content
                   ^^^^^^^^^^^^^^^^^^^^^
  File "/home/eduard/DevelopProjects/lims/venv_luka/lib/python3.11/site-packages/django/template/response.py", line 90, in rendered_content
    template = self.resolve_template(self.template_name)
               ^^^^^^^^^^^^^^^^^^^^^^^^^^^^^^^^^^^^^^^^^
  File "/home/eduard/DevelopProjects/lims/venv_luka/lib/python3.11/site-packages/django/template/response.py", line 72, in resolve_template
    return select_template(template, using=self.using)
           ^^^^^^^^^^^^^^^^^^^^^^^^^^^^^^^^^^^^^^^^^^^
  File "/home/eduard/DevelopProjects/lims/venv_luka/lib/python3.11/site-packages/django/template/loader.py", line 42, in select_template
    return engine.get_template(template_name)
           ^^^^^^^^^^^^^^^^^^^^^^^^^^^^^^^^^^
  File "/home/eduard/DevelopProjects/lims/venv_luka/lib/python3.11/site-packages/django/template/backends/django.py", line 79, in get_template
    return Template(self.engine.get_template(template_name), self)
                    ^^^^^^^^^^^^^^^^^^^^^^^^^^^^^^^^^^^^^^^
  File "/home/eduard/DevelopProjects/lims/venv_luka/lib/python3.11/site-packages/django/template/engine.py", line 177, in get_template
    template, origin = self.find_template(template_name)
                       ^^^^^^^^^^^^^^^^^^^^^^^^^^^^^^^^^
  File "/home/eduard/DevelopProjects/lims/venv_luka/lib/python3.11/site-packages/django/template/engine.py", line 159, in find_template
    template = loader.get_template(name, skip=skip)
               ^^^^^^^^^^^^^^^^^^^^^^^^^^^^^^^^^^^^
  File "/home/eduard/DevelopProjects/lims/venv_luka/lib/python3.11/site-packages/django/template/loaders/cached.py", line 57, in get_template
    template = super().get_template(template_name, skip)
               ^^^^^^^^^^^^^^^^^^^^^^^^^^^^^^^^^^^^^^^^^
  File "/home/eduard/DevelopProjects/lims/venv_luka/lib/python3.11/site-packages/django/template/loaders/base.py", line 28, in get_template
    return Template(
           ^^^^^^^^^
  File "/home/eduard/DevelopProjects/lims/venv_luka/lib/python3.11/site-packages/django/template/base.py", line 154, in __init__
    self.nodelist = self.compile_nodelist()
                    ^^^^^^^^^^^^^^^^^^^^^^^
  File "/home/eduard/DevelopProjects/lims/venv_luka/lib/python3.11/site-packages/django/template/base.py", line 196, in compile_nodelist
    nodelist = parser.parse()
               ^^^^^^^^^^^^^^
  File "/home/eduard/DevelopProjects/lims/venv_luka/lib/python3.11/site-packages/django/template/base.py", line 518, in parse
    raise self.error(token, e)
  File "/home/eduard/DevelopProjects/lims/venv_luka/lib/python3.11/site-packages/django/template/base.py", line 516, in parse
    compiled_result = compile_func(self, token)
                      ^^^^^^^^^^^^^^^^^^^^^^^^^
  File "/home/eduard/DevelopProjects/lims/venv_luka/lib/python3.11/site-packages/django/template/loader_tags.py", line 299, in do_extends
    nodelist = parser.parse()
               ^^^^^^^^^^^^^^
  File "/home/eduard/DevelopProjects/lims/venv_luka/lib/python3.11/site-packages/django/template/base.py", line 518, in parse
    raise self.error(token, e)
  File "/home/eduard/DevelopProjects/lims/venv_luka/lib/python3.11/site-packages/django/template/base.py", line 516, in parse
    compiled_result = compile_func(self, token)
                      ^^^^^^^^^^^^^^^^^^^^^^^^^
  File "/home/eduard/DevelopProjects/lims/venv_luka/lib/python3.11/site-packages/django/template/loader_tags.py", line 234, in do_block
    nodelist = parser.parse(("endblock",))
               ^^^^^^^^^^^^^^^^^^^^^^^^^^^
  File "/home/eduard/DevelopProjects/lims/venv_luka/lib/python3.11/site-packages/django/template/base.py", line 518, in parse
    raise self.error(token, e)
  File "/home/eduard/DevelopProjects/lims/venv_luka/lib/python3.11/site-packages/django/template/base.py", line 516, in parse
    compiled_result = compile_func(self, token)
                      ^^^^^^^^^^^^^^^^^^^^^^^^^
  File "/home/eduard/DevelopProjects/lims/venv_luka/lib/python3.11/site-packages/django/template/defaulttags.py", line 862, in do_for
    nodelist_loop = parser.parse(
                    ^^^^^^^^^^^^^
  File "/home/eduard/DevelopProjects/lims/venv_luka/lib/python3.11/site-packages/django/template/base.py", line 518, in parse
    raise self.error(token, e)
  File "/home/eduard/DevelopProjects/lims/venv_luka/lib/python3.11/site-packages/django/template/base.py", line 516, in parse
    compiled_result = compile_func(self, token)
                      ^^^^^^^^^^^^^^^^^^^^^^^^^
  File "/home/eduard/DevelopProjects/lims/venv_luka/lib/python3.11/site-packages/django/template/defaulttags.py", line 1533, in do_with
    raise TemplateSyntaxError(
django.template.exceptions.TemplateSyntaxError: 'with' expected at least one variable assignment
ERROR 2025-10-30 20:46:51,045 basehttp 13421 140592284694208 "GET /user/detail/ba551f61-2ecd-4370-8f62-9451f3fdf10f/ HTTP/1.1" 500 261221
ERROR 2025-10-30 22:30:02,781 log 22223 135097305003712 Internal Server Error: /solution/solution_std/3428eeea-47e5-422e-ab2d-79fa1f74b850/
Traceback (most recent call last):
  File "/home/eduard/DevelopProjects/lims/venv_luka/lib/python3.11/site-packages/django/core/handlers/exception.py", line 55, in inner
    response = get_response(request)
               ^^^^^^^^^^^^^^^^^^^^^
  File "/home/eduard/DevelopProjects/lims/venv_luka/lib/python3.11/site-packages/django/core/handlers/base.py", line 197, in _get_response
    response = wrapped_callback(request, *callback_args, **callback_kwargs)
               ^^^^^^^^^^^^^^^^^^^^^^^^^^^^^^^^^^^^^^^^^^^^^^^^^^^^^^^^^^^^
  File "/home/eduard/DevelopProjects/lims/venv_luka/lib/python3.11/site-packages/django/views/generic/base.py", line 105, in view
    return self.dispatch(request, *args, **kwargs)
           ^^^^^^^^^^^^^^^^^^^^^^^^^^^^^^^^^^^^^^^
  File "/home/eduard/DevelopProjects/lims/venv_luka/lib/python3.11/site-packages/django/utils/decorators.py", line 48, in _wrapper
    return bound_method(*args, **kwargs)
           ^^^^^^^^^^^^^^^^^^^^^^^^^^^^^
  File "/home/eduard/DevelopProjects/lims/venv_luka/lib/python3.11/site-packages/django/views/decorators/csrf.py", line 65, in _view_wrapper
    return view_func(request, *args, **kwargs)
           ^^^^^^^^^^^^^^^^^^^^^^^^^^^^^^^^^^^
  File "/home/eduard/DevelopProjects/lims/luka/core/solution/views/standarization/views.py", line 21, in dispatch
    return super().dispatch(request, *args, **kwargs)
           ^^^^^^^^^^^^^^^^^^^^^^^^^^^^^^^^^^^^^^^^^^
  File "/home/eduard/DevelopProjects/lims/venv_luka/lib/python3.11/site-packages/django/contrib/auth/mixins.py", line 73, in dispatch
    return super().dispatch(request, *args, **kwargs)
           ^^^^^^^^^^^^^^^^^^^^^^^^^^^^^^^^^^^^^^^^^^
  File "/home/eduard/DevelopProjects/lims/luka/core/mixins.py", line 23, in dispatch
    return super().dispatch(request, *args, **kwargs)
           ^^^^^^^^^^^^^^^^^^^^^^^^^^^^^^^^^^^^^^^^^^
  File "/home/eduard/DevelopProjects/lims/venv_luka/lib/python3.11/site-packages/django/views/generic/base.py", line 144, in dispatch
    return handler(request, *args, **kwargs)
           ^^^^^^^^^^^^^^^^^^^^^^^^^^^^^^^^^
  File "/home/eduard/DevelopProjects/lims/venv_luka/lib/python3.11/site-packages/django/views/generic/edit.py", line 178, in get
    return super().get(request, *args, **kwargs)
           ^^^^^^^^^^^^^^^^^^^^^^^^^^^^^^^^^^^^^
  File "/home/eduard/DevelopProjects/lims/venv_luka/lib/python3.11/site-packages/django/views/generic/edit.py", line 142, in get
    return self.render_to_response(self.get_context_data())
                                   ^^^^^^^^^^^^^^^^^^^^^^^
  File "/home/eduard/DevelopProjects/lims/luka/core/solution/views/standarization/views.py", line 47, in get_context_data
    context = super().get_context_data(**kwargs)
              ^^^^^^^^^^^^^^^^^^^^^^^^^^^^^^^^^^
  File "/home/eduard/DevelopProjects/lims/venv_luka/lib/python3.11/site-packages/django/views/generic/edit.py", line 72, in get_context_data
    kwargs["form"] = self.get_form()
                     ^^^^^^^^^^^^^^^
  File "/home/eduard/DevelopProjects/lims/venv_luka/lib/python3.11/site-packages/django/views/generic/edit.py", line 37, in get_form
    return form_class(**self.get_form_kwargs())
                        ^^^^^^^^^^^^^^^^^^^^^^
  File "/home/eduard/DevelopProjects/lims/luka/core/solution/views/standarization/views.py", line 42, in get_form_kwargs
    sln = Solution.objects.get(slug=self.kwargs.get('pk'))
          ^^^^^^^^^^^^^^^^^^^^^^^^^^^^^^^^^^^^^^^^^^^^^^^^
  File "/home/eduard/DevelopProjects/lims/venv_luka/lib/python3.11/site-packages/django/db/models/manager.py", line 87, in manager_method
    return getattr(self.get_queryset(), name)(*args, **kwargs)
           ^^^^^^^^^^^^^^^^^^^^^^^^^^^^^^^^^^^^^^^^^^^^^^^^^^^
  File "/home/eduard/DevelopProjects/lims/venv_luka/lib/python3.11/site-packages/django/db/models/query.py", line 619, in get
    clone = self._chain() if self.query.combinator else self.filter(*args, **kwargs)
                                                        ^^^^^^^^^^^^^^^^^^^^^^^^^^^^
  File "/home/eduard/DevelopProjects/lims/venv_luka/lib/python3.11/site-packages/django/db/models/query.py", line 1493, in filter
    return self._filter_or_exclude(False, args, kwargs)
           ^^^^^^^^^^^^^^^^^^^^^^^^^^^^^^^^^^^^^^^^^^^^
  File "/home/eduard/DevelopProjects/lims/venv_luka/lib/python3.11/site-packages/django/db/models/query.py", line 1511, in _filter_or_exclude
    clone._filter_or_exclude_inplace(negate, args, kwargs)
  File "/home/eduard/DevelopProjects/lims/venv_luka/lib/python3.11/site-packages/django/db/models/query.py", line 1518, in _filter_or_exclude_inplace
    self._query.add_q(Q(*args, **kwargs))
  File "/home/eduard/DevelopProjects/lims/venv_luka/lib/python3.11/site-packages/django/db/models/sql/query.py", line 1646, in add_q
    clause, _ = self._add_q(q_object, can_reuse)
                ^^^^^^^^^^^^^^^^^^^^^^^^^^^^^^^^
  File "/home/eduard/DevelopProjects/lims/venv_luka/lib/python3.11/site-packages/django/db/models/sql/query.py", line 1678, in _add_q
    child_clause, needed_inner = self.build_filter(
                                 ^^^^^^^^^^^^^^^^^^
  File "/home/eduard/DevelopProjects/lims/venv_luka/lib/python3.11/site-packages/django/db/models/sql/query.py", line 1526, in build_filter
    lookups, parts, reffed_expression = self.solve_lookup_type(arg, summarize)
                                        ^^^^^^^^^^^^^^^^^^^^^^^^^^^^^^^^^^^^^^
  File "/home/eduard/DevelopProjects/lims/venv_luka/lib/python3.11/site-packages/django/db/models/sql/query.py", line 1333, in solve_lookup_type
    _, field, _, lookup_parts = self.names_to_path(lookup_splitted, self.get_meta())
                                ^^^^^^^^^^^^^^^^^^^^^^^^^^^^^^^^^^^^^^^^^^^^^^^^^^^^
  File "/home/eduard/DevelopProjects/lims/venv_luka/lib/python3.11/site-packages/django/db/models/sql/query.py", line 1806, in names_to_path
    raise FieldError(
django.core.exceptions.FieldError: Cannot resolve keyword 'slug' into field. Choices are: average_concentration, code_solution, coefficient_variation, concentration, concentration_unit, date_creation, date_updated, deviation_std, expire_date_solution, id, preparated_by, preparated_by_id, preparation_date, quantity_reagent, quantity_solution, quantity_solvent, solute_reagent, solute_reagent_id, solvent_reagent, solvent_reagent_id, standardizable, standarizationsolution, user_creation, user_creation_id, user_updated, user_updated_id
ERROR 2025-10-30 22:30:02,786 basehttp 22223 135097305003712 "GET /solution/solution_std/3428eeea-47e5-422e-ab2d-79fa1f74b850/ HTTP/1.1" 500 185568
WARNING 2025-10-30 22:32:41,760 log 22433 138879295289024 Not Found: /favicon.ico
WARNING 2025-10-30 22:32:41,760 basehttp 22433 138879295289024 "GET /favicon.ico HTTP/1.1" 404 3601
WARNING 2025-10-30 22:32:44,823 log 22433 138879295289024 Not Found: /.well-known/appspecific/com.chrome.devtools.json
WARNING 2025-10-30 22:32:44,823 basehttp 22433 138879295289024 "GET /.well-known/appspecific/com.chrome.devtools.json HTTP/1.1" 404 3712
ERROR 2025-10-30 22:32:50,137 log 22433 138879295289024 Internal Server Error: /solution/solution_std/3428eeea-47e5-422e-ab2d-79fa1f74b850/
Traceback (most recent call last):
  File "/home/eduard/DevelopProjects/lims/venv_luka/lib/python3.11/site-packages/django/core/handlers/exception.py", line 55, in inner
    response = get_response(request)
               ^^^^^^^^^^^^^^^^^^^^^
  File "/home/eduard/DevelopProjects/lims/venv_luka/lib/python3.11/site-packages/django/core/handlers/base.py", line 197, in _get_response
    response = wrapped_callback(request, *callback_args, **callback_kwargs)
               ^^^^^^^^^^^^^^^^^^^^^^^^^^^^^^^^^^^^^^^^^^^^^^^^^^^^^^^^^^^^
  File "/home/eduard/DevelopProjects/lims/venv_luka/lib/python3.11/site-packages/django/views/generic/base.py", line 105, in view
    return self.dispatch(request, *args, **kwargs)
           ^^^^^^^^^^^^^^^^^^^^^^^^^^^^^^^^^^^^^^^
  File "/home/eduard/DevelopProjects/lims/venv_luka/lib/python3.11/site-packages/django/utils/decorators.py", line 48, in _wrapper
    return bound_method(*args, **kwargs)
           ^^^^^^^^^^^^^^^^^^^^^^^^^^^^^
  File "/home/eduard/DevelopProjects/lims/venv_luka/lib/python3.11/site-packages/django/views/decorators/csrf.py", line 65, in _view_wrapper
    return view_func(request, *args, **kwargs)
           ^^^^^^^^^^^^^^^^^^^^^^^^^^^^^^^^^^^
  File "/home/eduard/DevelopProjects/lims/luka/core/solution/views/standarization/views.py", line 21, in dispatch
    return super().dispatch(request, *args, **kwargs)
           ^^^^^^^^^^^^^^^^^^^^^^^^^^^^^^^^^^^^^^^^^^
  File "/home/eduard/DevelopProjects/lims/venv_luka/lib/python3.11/site-packages/django/contrib/auth/mixins.py", line 73, in dispatch
    return super().dispatch(request, *args, **kwargs)
           ^^^^^^^^^^^^^^^^^^^^^^^^^^^^^^^^^^^^^^^^^^
  File "/home/eduard/DevelopProjects/lims/luka/core/mixins.py", line 23, in dispatch
    return super().dispatch(request, *args, **kwargs)
           ^^^^^^^^^^^^^^^^^^^^^^^^^^^^^^^^^^^^^^^^^^
  File "/home/eduard/DevelopProjects/lims/venv_luka/lib/python3.11/site-packages/django/views/generic/base.py", line 144, in dispatch
    return handler(request, *args, **kwargs)
           ^^^^^^^^^^^^^^^^^^^^^^^^^^^^^^^^^
  File "/home/eduard/DevelopProjects/lims/venv_luka/lib/python3.11/site-packages/django/views/generic/edit.py", line 178, in get
    return super().get(request, *args, **kwargs)
           ^^^^^^^^^^^^^^^^^^^^^^^^^^^^^^^^^^^^^
  File "/home/eduard/DevelopProjects/lims/venv_luka/lib/python3.11/site-packages/django/views/generic/edit.py", line 142, in get
    return self.render_to_response(self.get_context_data())
                                   ^^^^^^^^^^^^^^^^^^^^^^^
  File "/home/eduard/DevelopProjects/lims/luka/core/solution/views/standarization/views.py", line 47, in get_context_data
    context = super().get_context_data(**kwargs)
              ^^^^^^^^^^^^^^^^^^^^^^^^^^^^^^^^^^
  File "/home/eduard/DevelopProjects/lims/venv_luka/lib/python3.11/site-packages/django/views/generic/edit.py", line 72, in get_context_data
    kwargs["form"] = self.get_form()
                     ^^^^^^^^^^^^^^^
  File "/home/eduard/DevelopProjects/lims/venv_luka/lib/python3.11/site-packages/django/views/generic/edit.py", line 37, in get_form
    return form_class(**self.get_form_kwargs())
                        ^^^^^^^^^^^^^^^^^^^^^^
  File "/home/eduard/DevelopProjects/lims/luka/core/solution/views/standarization/views.py", line 42, in get_form_kwargs
    sln = Solution.objects.get(slug=self.kwargs.get('pk'))
          ^^^^^^^^^^^^^^^^^^^^^^^^^^^^^^^^^^^^^^^^^^^^^^^^
  File "/home/eduard/DevelopProjects/lims/venv_luka/lib/python3.11/site-packages/django/db/models/manager.py", line 87, in manager_method
    return getattr(self.get_queryset(), name)(*args, **kwargs)
           ^^^^^^^^^^^^^^^^^^^^^^^^^^^^^^^^^^^^^^^^^^^^^^^^^^^
  File "/home/eduard/DevelopProjects/lims/venv_luka/lib/python3.11/site-packages/django/db/models/query.py", line 619, in get
    clone = self._chain() if self.query.combinator else self.filter(*args, **kwargs)
                                                        ^^^^^^^^^^^^^^^^^^^^^^^^^^^^
  File "/home/eduard/DevelopProjects/lims/venv_luka/lib/python3.11/site-packages/django/db/models/query.py", line 1493, in filter
    return self._filter_or_exclude(False, args, kwargs)
           ^^^^^^^^^^^^^^^^^^^^^^^^^^^^^^^^^^^^^^^^^^^^
  File "/home/eduard/DevelopProjects/lims/venv_luka/lib/python3.11/site-packages/django/db/models/query.py", line 1511, in _filter_or_exclude
    clone._filter_or_exclude_inplace(negate, args, kwargs)
  File "/home/eduard/DevelopProjects/lims/venv_luka/lib/python3.11/site-packages/django/db/models/query.py", line 1518, in _filter_or_exclude_inplace
    self._query.add_q(Q(*args, **kwargs))
  File "/home/eduard/DevelopProjects/lims/venv_luka/lib/python3.11/site-packages/django/db/models/sql/query.py", line 1646, in add_q
    clause, _ = self._add_q(q_object, can_reuse)
                ^^^^^^^^^^^^^^^^^^^^^^^^^^^^^^^^
  File "/home/eduard/DevelopProjects/lims/venv_luka/lib/python3.11/site-packages/django/db/models/sql/query.py", line 1678, in _add_q
    child_clause, needed_inner = self.build_filter(
                                 ^^^^^^^^^^^^^^^^^^
  File "/home/eduard/DevelopProjects/lims/venv_luka/lib/python3.11/site-packages/django/db/models/sql/query.py", line 1526, in build_filter
    lookups, parts, reffed_expression = self.solve_lookup_type(arg, summarize)
                                        ^^^^^^^^^^^^^^^^^^^^^^^^^^^^^^^^^^^^^^
  File "/home/eduard/DevelopProjects/lims/venv_luka/lib/python3.11/site-packages/django/db/models/sql/query.py", line 1333, in solve_lookup_type
    _, field, _, lookup_parts = self.names_to_path(lookup_splitted, self.get_meta())
                                ^^^^^^^^^^^^^^^^^^^^^^^^^^^^^^^^^^^^^^^^^^^^^^^^^^^^
  File "/home/eduard/DevelopProjects/lims/venv_luka/lib/python3.11/site-packages/django/db/models/sql/query.py", line 1806, in names_to_path
    raise FieldError(
django.core.exceptions.FieldError: Cannot resolve keyword 'slug' into field. Choices are: average_concentration, code_solution, coefficient_variation, concentration, concentration_unit, date_creation, date_updated, deviation_std, expire_date_solution, id, preparated_by, preparated_by_id, preparation_date, quantity_reagent, quantity_solution, quantity_solvent, solute_reagent, solute_reagent_id, solvent_reagent, solvent_reagent_id, standardizable, standarizationsolution, user_creation, user_creation_id, user_updated, user_updated_id
ERROR 2025-10-30 22:32:50,141 basehttp 22433 138879295289024 "GET /solution/solution_std/3428eeea-47e5-422e-ab2d-79fa1f74b850/ HTTP/1.1" 500 185573
WARNING 2025-10-30 22:37:11,216 log 22863 131736539231936 Not Found: /favicon.ico
WARNING 2025-10-30 22:37:11,217 basehttp 22863 131736539231936 "GET /favicon.ico HTTP/1.1" 404 3601
